2024-11-11 20:46:51 INFO  Version:21 -  - HV000001: Hibernate Validator 6.0.16.Final
2024-11-11 20:46:51 INFO  SareetaApplication:50 -  - Starting SareetaApplication on DESKTOP-E9H32RK with PID 10916 (started by ADMIN in D:\Udaicity\Web devbelop\Couse4_my\Security-and-DevOps\starter_code)
2024-11-11 20:46:51 INFO  SareetaApplication:675 -  - No active profile set, falling back to default profiles: default
2024-11-11 20:46:52 INFO  RepositoryConfigurationDelegate:126 -  - Bootstrapping Spring Data repositories in DEFAULT mode.
2024-11-11 20:46:52 INFO  RepositoryConfigurationDelegate:182 -  - Finished Spring Data repository scanning in 87ms. Found 4 repository interfaces.
2024-11-11 20:46:53 INFO  PostProcessorRegistrationDelegate$BeanPostProcessorChecker:330 -  - Bean 'org.springframework.transaction.annotation.ProxyTransactionManagementConfiguration' of type [org.springframework.transaction.annotation.ProxyTransactionManagementConfiguration$$EnhancerBySpringCGLIB$$f01b20ea] is not eligible for getting processed by all BeanPostProcessors (for example: not eligible for auto-proxying)
2024-11-11 20:46:53 INFO  TomcatWebServer:90 -  - Tomcat initialized with port(s): 8080 (http)
2024-11-11 20:46:54 INFO  ContextLoader:296 -  - Root WebApplicationContext: initialization completed in 2359 ms
2024-11-11 20:46:54 INFO  HikariDataSource:110 -  - HikariPool-1 - Starting...
2024-11-11 20:46:54 INFO  HikariDataSource:123 -  - HikariPool-1 - Start completed.
2024-11-11 20:46:54 INFO  LogHelper:31 -  - HHH000204: Processing PersistenceUnitInfo [
	name: default
	...]
2024-11-11 20:46:54 INFO  Version:46 -  - HHH000412: Hibernate Core {5.3.10.Final}
2024-11-11 20:46:54 INFO  Environment:213 -  - HHH000206: hibernate.properties not found
2024-11-11 20:46:54 INFO  Version:49 -  - HCANN000001: Hibernate Commons Annotations {5.0.4.Final}
2024-11-11 20:46:55 INFO  Dialect:157 -  - HHH000400: Using dialect: org.hibernate.dialect.H2Dialect
2024-11-11 20:46:56 INFO  LocalContainerEntityManagerFactoryBean:415 -  - Initialized JPA EntityManagerFactory for persistence unit 'default'
2024-11-11 20:46:57 WARN  JpaBaseConfiguration$JpaWebConfiguration$JpaWebMvcConfiguration:237 -  - spring.jpa.open-in-view is enabled by default. Therefore, database queries may be performed during view rendering. Explicitly configure spring.jpa.open-in-view to disable this warning
2024-11-11 20:46:57 INFO  DefaultSecurityFilterChain:43 -  - Creating filter chain: any request, [org.springframework.security.web.context.request.async.WebAsyncManagerIntegrationFilter@78aa1753, org.springframework.security.web.context.SecurityContextPersistenceFilter@37665305, org.springframework.security.web.header.HeaderWriterFilter@ae74eef, org.springframework.web.filter.CorsFilter@67292fc7, org.springframework.security.web.authentication.logout.LogoutFilter@3ba1f56e, com.example.demo.security.JWTAuthenticationFilter@4c1b4e07, com.example.demo.security.JWTAuthenticationVerficationFilter@34cfdd84, org.springframework.security.web.savedrequest.RequestCacheAwareFilter@2c224096, org.springframework.security.web.servletapi.SecurityContextHolderAwareRequestFilter@4bceac99, org.springframework.security.web.authentication.AnonymousAuthenticationFilter@1c7744c1, org.springframework.security.web.session.SessionManagementFilter@2e91cf69, org.springframework.security.web.access.ExceptionTranslationFilter@727f36dd, org.springframework.security.web.access.intercept.FilterSecurityInterceptor@18f27a81]
2024-11-11 20:46:57 INFO  ThreadPoolTaskExecutor:171 -  - Initializing ExecutorService 'applicationTaskExecutor'
2024-11-11 20:46:57 INFO  TomcatWebServer:204 -  - Tomcat started on port(s): 8080 (http) with context path ''
2024-11-11 20:46:57 INFO  SareetaApplication:59 -  - Started SareetaApplication in 6.422 seconds (JVM running for 6.877)
2024-11-11 20:47:39 INFO  DispatcherServlet:524 -  - Initializing Servlet 'dispatcherServlet'
2024-11-11 20:47:39 INFO  DispatcherServlet:546 -  - Completed initialization in 24 ms
2024-11-11 20:47:39 INFO  LoggingInterceptor:22 -  - Incoming request: URL=http://localhost:8080/api/user/create, HTTP_METHOD=POST, FUNCTION=public org.springframework.http.ResponseEntity<com.example.demo.model.persistence.User> com.example.demo.controllers.UserController.createUser(com.example.demo.model.requests.CreateUserRequest)
2024-11-11 20:47:40 INFO  UserController:54 - a0b2df00-051d-40f3-a28d-0a5d952c149b - Create user : test001
2024-11-11 20:47:40 INFO  UserController:68 - a0b2df00-051d-40f3-a28d-0a5d952c149b - Create user success
2024-11-11 20:47:40 INFO  LoggingInterceptor:32 - a0b2df00-051d-40f3-a28d-0a5d952c149b - Request completed: URL=http://localhost:8080/api/user/create, STATUS_CODE=200, FUNCTION=public org.springframework.http.ResponseEntity<com.example.demo.model.persistence.User> com.example.demo.controllers.UserController.createUser(com.example.demo.model.requests.CreateUserRequest)
2024-11-11 20:47:53 INFO  LoggingInterceptor:22 -  - Incoming request: URL=http://localhost:8080/api/user/create, HTTP_METHOD=POST, FUNCTION=public org.springframework.http.ResponseEntity<com.example.demo.model.persistence.User> com.example.demo.controllers.UserController.createUser(com.example.demo.model.requests.CreateUserRequest)
2024-11-11 20:47:53 INFO  UserController:54 - a452df71-6358-4e9b-b99c-e40b6e48365f - Create user : test002
2024-11-11 20:47:53 INFO  UserController:68 - a452df71-6358-4e9b-b99c-e40b6e48365f - Create user success
2024-11-11 20:47:53 INFO  LoggingInterceptor:32 - a452df71-6358-4e9b-b99c-e40b6e48365f - Request completed: URL=http://localhost:8080/api/user/create, STATUS_CODE=200, FUNCTION=public org.springframework.http.ResponseEntity<com.example.demo.model.persistence.User> com.example.demo.controllers.UserController.createUser(com.example.demo.model.requests.CreateUserRequest)
2024-11-11 20:47:59 INFO  LoggingInterceptor:22 -  - Incoming request: URL=http://localhost:8080/api/user/create, HTTP_METHOD=POST, FUNCTION=public org.springframework.http.ResponseEntity<com.example.demo.model.persistence.User> com.example.demo.controllers.UserController.createUser(com.example.demo.model.requests.CreateUserRequest)
2024-11-11 20:47:59 INFO  UserController:54 - f0b45416-e94c-47af-82bd-e1b2031d4b8e - Create user : test003
2024-11-11 20:47:59 INFO  UserController:63 - f0b45416-e94c-47af-82bd-e1b2031d4b8e - Create user false - password in correct: test003
2024-11-11 20:47:59 INFO  LoggingInterceptor:32 - f0b45416-e94c-47af-82bd-e1b2031d4b8e - Request completed: URL=http://localhost:8080/api/user/create, STATUS_CODE=400, FUNCTION=public org.springframework.http.ResponseEntity<com.example.demo.model.persistence.User> com.example.demo.controllers.UserController.createUser(com.example.demo.model.requests.CreateUserRequest)
2024-11-11 20:48:17 INFO  LoggingInterceptor:22 -  - Incoming request: URL=http://localhost:8080/api/user/create, HTTP_METHOD=POST, FUNCTION=public org.springframework.http.ResponseEntity<com.example.demo.model.persistence.User> com.example.demo.controllers.UserController.createUser(com.example.demo.model.requests.CreateUserRequest)
2024-11-11 20:48:17 INFO  UserController:54 - c7524ff1-a0ab-4b16-9951-b8aab8c42b60 - Create user : test004
2024-11-11 20:48:17 INFO  UserController:63 - c7524ff1-a0ab-4b16-9951-b8aab8c42b60 - Create user false - password in correct: test004
2024-11-11 20:48:17 INFO  LoggingInterceptor:32 - c7524ff1-a0ab-4b16-9951-b8aab8c42b60 - Request completed: URL=http://localhost:8080/api/user/create, STATUS_CODE=400, FUNCTION=public org.springframework.http.ResponseEntity<com.example.demo.model.persistence.User> com.example.demo.controllers.UserController.createUser(com.example.demo.model.requests.CreateUserRequest)
2024-11-11 20:48:48 INFO  QueryTranslatorFactoryInitiator:47 -  - HHH000397: Using ASTQueryTranslatorFactory
2024-11-11 20:49:47 INFO  LoggingInterceptor:22 -  - Incoming request: URL=http://localhost:8080/api/user/id/1, HTTP_METHOD=GET, FUNCTION=public org.springframework.http.ResponseEntity<com.example.demo.model.persistence.User> com.example.demo.controllers.UserController.findById(java.lang.Long)
2024-11-11 20:49:47 INFO  UserController:39 - 9bb83413-64b8-4bd2-ab0a-5fd7e6841674 - Find user by id: 1
2024-11-11 20:49:47 INFO  LoggingInterceptor:32 - 9bb83413-64b8-4bd2-ab0a-5fd7e6841674 - Request completed: URL=http://localhost:8080/api/user/id/1, STATUS_CODE=200, FUNCTION=public org.springframework.http.ResponseEntity<com.example.demo.model.persistence.User> com.example.demo.controllers.UserController.findById(java.lang.Long)
2024-11-11 20:49:54 INFO  LoggingInterceptor:22 -  - Incoming request: URL=http://localhost:8080/api/user/id/4, HTTP_METHOD=GET, FUNCTION=public org.springframework.http.ResponseEntity<com.example.demo.model.persistence.User> com.example.demo.controllers.UserController.findById(java.lang.Long)
2024-11-11 20:49:54 INFO  UserController:39 - def2f943-1635-4013-9f0e-42f664316d80 - Find user by id: 4
2024-11-11 20:49:54 INFO  LoggingInterceptor:32 - def2f943-1635-4013-9f0e-42f664316d80 - Request completed: URL=http://localhost:8080/api/user/id/4, STATUS_CODE=404, FUNCTION=public org.springframework.http.ResponseEntity<com.example.demo.model.persistence.User> com.example.demo.controllers.UserController.findById(java.lang.Long)
2024-11-11 20:50:04 INFO  LoggingInterceptor:22 -  - Incoming request: URL=http://localhost:8080/api/user/id/2, HTTP_METHOD=GET, FUNCTION=public org.springframework.http.ResponseEntity<com.example.demo.model.persistence.User> com.example.demo.controllers.UserController.findById(java.lang.Long)
2024-11-11 20:50:04 INFO  UserController:39 - 1781400d-8862-47c8-85ea-e8718ceae08a - Find user by id: 2
2024-11-11 20:50:04 INFO  LoggingInterceptor:32 - 1781400d-8862-47c8-85ea-e8718ceae08a - Request completed: URL=http://localhost:8080/api/user/id/2, STATUS_CODE=200, FUNCTION=public org.springframework.http.ResponseEntity<com.example.demo.model.persistence.User> com.example.demo.controllers.UserController.findById(java.lang.Long)
2024-11-11 20:51:21 INFO  LoggingInterceptor:22 -  - Incoming request: URL=http://localhost:8080/api/user/test001, HTTP_METHOD=GET, FUNCTION=public org.springframework.http.ResponseEntity<com.example.demo.model.persistence.User> com.example.demo.controllers.UserController.findByUserName(java.lang.String)
2024-11-11 20:51:21 INFO  UserController:45 - 7c787f70-2399-4713-9e9c-794697145a1b - Find user by username: test001
2024-11-11 20:51:21 INFO  LoggingInterceptor:32 - 7c787f70-2399-4713-9e9c-794697145a1b - Request completed: URL=http://localhost:8080/api/user/test001, STATUS_CODE=200, FUNCTION=public org.springframework.http.ResponseEntity<com.example.demo.model.persistence.User> com.example.demo.controllers.UserController.findByUserName(java.lang.String)
2024-11-11 20:51:25 INFO  LoggingInterceptor:22 -  - Incoming request: URL=http://localhost:8080/api/user/test002, HTTP_METHOD=GET, FUNCTION=public org.springframework.http.ResponseEntity<com.example.demo.model.persistence.User> com.example.demo.controllers.UserController.findByUserName(java.lang.String)
2024-11-11 20:51:25 INFO  UserController:45 - ce6bb1b8-955c-41d5-b06b-edfc504815ea - Find user by username: test002
2024-11-11 20:51:25 INFO  LoggingInterceptor:32 - ce6bb1b8-955c-41d5-b06b-edfc504815ea - Request completed: URL=http://localhost:8080/api/user/test002, STATUS_CODE=200, FUNCTION=public org.springframework.http.ResponseEntity<com.example.demo.model.persistence.User> com.example.demo.controllers.UserController.findByUserName(java.lang.String)
2024-11-11 20:51:29 INFO  LoggingInterceptor:22 -  - Incoming request: URL=http://localhost:8080/api/user/test004, HTTP_METHOD=GET, FUNCTION=public org.springframework.http.ResponseEntity<com.example.demo.model.persistence.User> com.example.demo.controllers.UserController.findByUserName(java.lang.String)
2024-11-11 20:51:29 INFO  UserController:45 - ddad7e81-e63b-4207-b99b-52fd0811a6a9 - Find user by username: test004
2024-11-11 20:51:29 INFO  LoggingInterceptor:32 - ddad7e81-e63b-4207-b99b-52fd0811a6a9 - Request completed: URL=http://localhost:8080/api/user/test004, STATUS_CODE=404, FUNCTION=public org.springframework.http.ResponseEntity<com.example.demo.model.persistence.User> com.example.demo.controllers.UserController.findByUserName(java.lang.String)
2024-11-11 20:51:33 INFO  LoggingInterceptor:22 -  - Incoming request: URL=http://localhost:8080/api/user/test005, HTTP_METHOD=GET, FUNCTION=public org.springframework.http.ResponseEntity<com.example.demo.model.persistence.User> com.example.demo.controllers.UserController.findByUserName(java.lang.String)
2024-11-11 20:51:33 INFO  UserController:45 - 73dbef9b-bb85-49da-95b0-96bf34af7011 - Find user by username: test005
2024-11-11 20:51:33 INFO  LoggingInterceptor:32 - 73dbef9b-bb85-49da-95b0-96bf34af7011 - Request completed: URL=http://localhost:8080/api/user/test005, STATUS_CODE=404, FUNCTION=public org.springframework.http.ResponseEntity<com.example.demo.model.persistence.User> com.example.demo.controllers.UserController.findByUserName(java.lang.String)
2024-11-11 20:53:48 INFO  LoggingInterceptor:22 -  - Incoming request: URL=http://localhost:8080/api/user/test001, HTTP_METHOD=GET, FUNCTION=public org.springframework.http.ResponseEntity<com.example.demo.model.persistence.User> com.example.demo.controllers.UserController.findByUserName(java.lang.String)
2024-11-11 20:53:48 INFO  UserController:45 - 37255ee6-01cf-4c34-96b3-52f8597d8596 - Find user by username: test001
2024-11-11 20:53:48 INFO  LoggingInterceptor:32 - 37255ee6-01cf-4c34-96b3-52f8597d8596 - Request completed: URL=http://localhost:8080/api/user/test001, STATUS_CODE=200, FUNCTION=public org.springframework.http.ResponseEntity<com.example.demo.model.persistence.User> com.example.demo.controllers.UserController.findByUserName(java.lang.String)
2024-11-11 20:54:51 INFO  LoggingInterceptor:22 -  - Incoming request: URL=http://localhost:8080/api/item, HTTP_METHOD=GET, FUNCTION=public org.springframework.http.ResponseEntity<java.util.List<com.example.demo.model.persistence.Item>> com.example.demo.controllers.ItemController.getItems()
2024-11-11 20:54:51 INFO  ItemController:28 - f68f4aaf-f8e0-4e23-8993-58954ba01fc7 - Find all items
2024-11-11 20:54:51 INFO  LoggingInterceptor:32 - f68f4aaf-f8e0-4e23-8993-58954ba01fc7 - Request completed: URL=http://localhost:8080/api/item, STATUS_CODE=200, FUNCTION=public org.springframework.http.ResponseEntity<java.util.List<com.example.demo.model.persistence.Item>> com.example.demo.controllers.ItemController.getItems()
2024-11-11 20:54:58 INFO  LoggingInterceptor:22 -  - Incoming request: URL=http://localhost:8080/api/item/1, HTTP_METHOD=GET, FUNCTION=public org.springframework.http.ResponseEntity<com.example.demo.model.persistence.Item> com.example.demo.controllers.ItemController.getItemById(java.lang.Long)
2024-11-11 20:54:58 INFO  ItemController:34 - 7f916454-9fc5-4766-ba2c-08910e26c9f8 - Find items with id : 1
2024-11-11 20:54:58 INFO  LoggingInterceptor:32 - 7f916454-9fc5-4766-ba2c-08910e26c9f8 - Request completed: URL=http://localhost:8080/api/item/1, STATUS_CODE=200, FUNCTION=public org.springframework.http.ResponseEntity<com.example.demo.model.persistence.Item> com.example.demo.controllers.ItemController.getItemById(java.lang.Long)
2024-11-11 20:55:09 INFO  LoggingInterceptor:22 -  - Incoming request: URL=http://localhost:8080/api/item, HTTP_METHOD=GET, FUNCTION=public org.springframework.http.ResponseEntity<java.util.List<com.example.demo.model.persistence.Item>> com.example.demo.controllers.ItemController.getItems()
2024-11-11 20:55:09 INFO  ItemController:28 - 7c90a0f3-4c43-4439-93fe-593e5fba6193 - Find all items
2024-11-11 20:55:09 INFO  LoggingInterceptor:32 - 7c90a0f3-4c43-4439-93fe-593e5fba6193 - Request completed: URL=http://localhost:8080/api/item, STATUS_CODE=200, FUNCTION=public org.springframework.http.ResponseEntity<java.util.List<com.example.demo.model.persistence.Item>> com.example.demo.controllers.ItemController.getItems()
2024-11-11 20:55:21 INFO  LoggingInterceptor:22 -  - Incoming request: URL=http://localhost:8080/api/item/Square%20Widget, HTTP_METHOD=GET, FUNCTION=public org.springframework.http.ResponseEntity<com.example.demo.model.persistence.Item> com.example.demo.controllers.ItemController.getItemById(java.lang.Long)
2024-11-11 20:55:21 WARN  DefaultHandlerExceptionResolver:198 - 7e2de8f1-827d-4ec8-a718-0ffc29d2bbe7 - Resolved [org.springframework.web.method.annotation.MethodArgumentTypeMismatchException: Failed to convert value of type 'java.lang.String' to required type 'java.lang.Long'; nested exception is java.lang.NumberFormatException: For input string: "SquareWidget"]
2024-11-11 20:55:21 INFO  LoggingInterceptor:22 -  - Incoming request: URL=http://localhost:8080/error, HTTP_METHOD=GET, FUNCTION=public org.springframework.http.ResponseEntity<java.util.Map<java.lang.String, java.lang.Object>> org.springframework.boot.autoconfigure.web.servlet.error.BasicErrorController.error(javax.servlet.http.HttpServletRequest)
2024-11-11 20:55:21 INFO  LoggingInterceptor:32 - b8f80fd3-e18d-4040-aaf7-794e1504c1be - Request completed: URL=http://localhost:8080/error, STATUS_CODE=400, FUNCTION=public org.springframework.http.ResponseEntity<java.util.Map<java.lang.String, java.lang.Object>> org.springframework.boot.autoconfigure.web.servlet.error.BasicErrorController.error(javax.servlet.http.HttpServletRequest)
2024-11-11 20:55:31 INFO  LoggingInterceptor:22 -  - Incoming request: URL=http://localhost:8080/api/item/Square%20Widget, HTTP_METHOD=GET, FUNCTION=public org.springframework.http.ResponseEntity<com.example.demo.model.persistence.Item> com.example.demo.controllers.ItemController.getItemById(java.lang.Long)
2024-11-11 20:55:31 WARN  DefaultHandlerExceptionResolver:198 - 5e74ef7c-a31b-4887-a476-bba441121965 - Resolved [org.springframework.web.method.annotation.MethodArgumentTypeMismatchException: Failed to convert value of type 'java.lang.String' to required type 'java.lang.Long'; nested exception is java.lang.NumberFormatException: For input string: "SquareWidget"]
2024-11-11 20:55:31 INFO  LoggingInterceptor:22 -  - Incoming request: URL=http://localhost:8080/error, HTTP_METHOD=GET, FUNCTION=public org.springframework.http.ResponseEntity<java.util.Map<java.lang.String, java.lang.Object>> org.springframework.boot.autoconfigure.web.servlet.error.BasicErrorController.error(javax.servlet.http.HttpServletRequest)
2024-11-11 20:55:31 INFO  LoggingInterceptor:32 - 2509b365-7924-4170-871a-b095f071b8cd - Request completed: URL=http://localhost:8080/error, STATUS_CODE=400, FUNCTION=public org.springframework.http.ResponseEntity<java.util.Map<java.lang.String, java.lang.Object>> org.springframework.boot.autoconfigure.web.servlet.error.BasicErrorController.error(javax.servlet.http.HttpServletRequest)
2024-11-11 20:55:49 INFO  LoggingInterceptor:22 -  - Incoming request: URL=http://localhost:8080/api/item/name/Square%20Widget, HTTP_METHOD=GET, FUNCTION=public org.springframework.http.ResponseEntity<java.util.List<com.example.demo.model.persistence.Item>> com.example.demo.controllers.ItemController.getItemsByName(java.lang.String)
2024-11-11 20:55:49 INFO  ItemController:40 - 5ae453ff-4376-4316-980b-dbcf071e1fb0 - Find items with name : Square Widget
2024-11-11 20:55:49 INFO  LoggingInterceptor:32 - 5ae453ff-4376-4316-980b-dbcf071e1fb0 - Request completed: URL=http://localhost:8080/api/item/name/Square%20Widget, STATUS_CODE=200, FUNCTION=public org.springframework.http.ResponseEntity<java.util.List<com.example.demo.model.persistence.Item>> com.example.demo.controllers.ItemController.getItemsByName(java.lang.String)
2024-11-11 20:59:34 INFO  LoggingInterceptor:22 -  - Incoming request: URL=http://localhost:8080/api/cart/addToCart, HTTP_METHOD=POST, FUNCTION=public org.springframework.http.ResponseEntity<com.example.demo.model.persistence.Cart> com.example.demo.controllers.CartController.addTocart(com.example.demo.model.requests.ModifyCartRequest)
2024-11-11 20:59:34 INFO  CartController:41 - 069b8ae4-c28c-414e-ac99-041a8c43840b - AddCart - Find username: test001
2024-11-11 20:59:34 INFO  CartController:47 - 069b8ae4-c28c-414e-ac99-041a8c43840b - AddCart - Find item id : 1
2024-11-11 20:59:34 INFO  CartController:57 - 069b8ae4-c28c-414e-ac99-041a8c43840b - AddCart - Save card success for user : test001
2024-11-11 20:59:34 INFO  LoggingInterceptor:32 - 069b8ae4-c28c-414e-ac99-041a8c43840b - Request completed: URL=http://localhost:8080/api/cart/addToCart, STATUS_CODE=200, FUNCTION=public org.springframework.http.ResponseEntity<com.example.demo.model.persistence.Cart> com.example.demo.controllers.CartController.addTocart(com.example.demo.model.requests.ModifyCartRequest)
2024-11-11 20:59:43 INFO  LoggingInterceptor:22 -  - Incoming request: URL=http://localhost:8080/api/cart/addToCart, HTTP_METHOD=POST, FUNCTION=public org.springframework.http.ResponseEntity<com.example.demo.model.persistence.Cart> com.example.demo.controllers.CartController.addTocart(com.example.demo.model.requests.ModifyCartRequest)
2024-11-11 20:59:43 INFO  CartController:41 - 38c6d461-a840-4717-84de-111011a3516f - AddCart - Find username: test001
2024-11-11 20:59:43 INFO  CartController:47 - 38c6d461-a840-4717-84de-111011a3516f - AddCart - Find item id : 2
2024-11-11 20:59:43 INFO  CartController:57 - 38c6d461-a840-4717-84de-111011a3516f - AddCart - Save card success for user : test001
2024-11-11 20:59:43 INFO  LoggingInterceptor:32 - 38c6d461-a840-4717-84de-111011a3516f - Request completed: URL=http://localhost:8080/api/cart/addToCart, STATUS_CODE=200, FUNCTION=public org.springframework.http.ResponseEntity<com.example.demo.model.persistence.Cart> com.example.demo.controllers.CartController.addTocart(com.example.demo.model.requests.ModifyCartRequest)
2024-11-11 21:00:14 INFO  LoggingInterceptor:22 -  - Incoming request: URL=http://localhost:8080/api/cart/addToCart, HTTP_METHOD=POST, FUNCTION=public org.springframework.http.ResponseEntity<com.example.demo.model.persistence.Cart> com.example.demo.controllers.CartController.addTocart(com.example.demo.model.requests.ModifyCartRequest)
2024-11-11 21:00:14 INFO  CartController:41 - 3de85953-d6f0-40dc-9bfb-64a8dfc8c6e7 - AddCart - Find username: test001
2024-11-11 21:00:14 INFO  CartController:47 - 3de85953-d6f0-40dc-9bfb-64a8dfc8c6e7 - AddCart - Find item id : 3
2024-11-11 21:00:14 INFO  CartController:50 - 3de85953-d6f0-40dc-9bfb-64a8dfc8c6e7 - AddCart - Not found item id : 3
2024-11-11 21:00:14 INFO  LoggingInterceptor:32 - 3de85953-d6f0-40dc-9bfb-64a8dfc8c6e7 - Request completed: URL=http://localhost:8080/api/cart/addToCart, STATUS_CODE=404, FUNCTION=public org.springframework.http.ResponseEntity<com.example.demo.model.persistence.Cart> com.example.demo.controllers.CartController.addTocart(com.example.demo.model.requests.ModifyCartRequest)
2024-11-11 21:00:24 INFO  LoggingInterceptor:22 -  - Incoming request: URL=http://localhost:8080/api/cart/addToCart, HTTP_METHOD=POST, FUNCTION=public org.springframework.http.ResponseEntity<com.example.demo.model.persistence.Cart> com.example.demo.controllers.CartController.addTocart(com.example.demo.model.requests.ModifyCartRequest)
2024-11-11 21:00:24 INFO  CartController:41 - 49aee3d4-4654-452f-a2ba-e5883e117c65 - AddCart - Find username: test006
2024-11-11 21:00:24 INFO  CartController:44 - 49aee3d4-4654-452f-a2ba-e5883e117c65 - AddCart - Not found username: test006
2024-11-11 21:00:24 INFO  LoggingInterceptor:32 - 49aee3d4-4654-452f-a2ba-e5883e117c65 - Request completed: URL=http://localhost:8080/api/cart/addToCart, STATUS_CODE=404, FUNCTION=public org.springframework.http.ResponseEntity<com.example.demo.model.persistence.Cart> com.example.demo.controllers.CartController.addTocart(com.example.demo.model.requests.ModifyCartRequest)
2024-11-11 21:00:56 INFO  LoggingInterceptor:22 -  - Incoming request: URL=http://localhost:8080/api/cart/removeFromCart, HTTP_METHOD=POST, FUNCTION=public org.springframework.http.ResponseEntity<com.example.demo.model.persistence.Cart> com.example.demo.controllers.CartController.removeFromcart(com.example.demo.model.requests.ModifyCartRequest)
2024-11-11 21:00:56 INFO  CartController:63 - 621d7223-5da7-4f65-8dff-fed0ab59dfe6 - RemoveCart - Find username: test001
2024-11-11 21:00:56 INFO  CartController:69 - 621d7223-5da7-4f65-8dff-fed0ab59dfe6 - RemoveCart - Find item id : 1
2024-11-11 21:00:56 INFO  CartController:79 - 621d7223-5da7-4f65-8dff-fed0ab59dfe6 - RemoveCart - Save card success for user : test001
2024-11-11 21:00:56 INFO  LoggingInterceptor:32 - 621d7223-5da7-4f65-8dff-fed0ab59dfe6 - Request completed: URL=http://localhost:8080/api/cart/removeFromCart, STATUS_CODE=200, FUNCTION=public org.springframework.http.ResponseEntity<com.example.demo.model.persistence.Cart> com.example.demo.controllers.CartController.removeFromcart(com.example.demo.model.requests.ModifyCartRequest)
2024-11-11 21:01:40 INFO  LoggingInterceptor:22 -  - Incoming request: URL=http://localhost:8080/api/cart/removeFromCart, HTTP_METHOD=POST, FUNCTION=public org.springframework.http.ResponseEntity<com.example.demo.model.persistence.Cart> com.example.demo.controllers.CartController.removeFromcart(com.example.demo.model.requests.ModifyCartRequest)
2024-11-11 21:01:40 INFO  CartController:63 - 8ff5a26b-95ae-4ac6-92f4-5c6cab3bea46 - RemoveCart - Find username: test001
2024-11-11 21:01:40 INFO  CartController:69 - 8ff5a26b-95ae-4ac6-92f4-5c6cab3bea46 - RemoveCart - Find item id : 3
2024-11-11 21:01:40 INFO  CartController:72 - 8ff5a26b-95ae-4ac6-92f4-5c6cab3bea46 - RemoveCart - Not found item id : 3
2024-11-11 21:01:40 INFO  LoggingInterceptor:32 - 8ff5a26b-95ae-4ac6-92f4-5c6cab3bea46 - Request completed: URL=http://localhost:8080/api/cart/removeFromCart, STATUS_CODE=404, FUNCTION=public org.springframework.http.ResponseEntity<com.example.demo.model.persistence.Cart> com.example.demo.controllers.CartController.removeFromcart(com.example.demo.model.requests.ModifyCartRequest)
2024-11-11 21:01:46 INFO  LoggingInterceptor:22 -  - Incoming request: URL=http://localhost:8080/api/cart/removeFromCart, HTTP_METHOD=POST, FUNCTION=public org.springframework.http.ResponseEntity<com.example.demo.model.persistence.Cart> com.example.demo.controllers.CartController.removeFromcart(com.example.demo.model.requests.ModifyCartRequest)
2024-11-11 21:01:46 INFO  CartController:63 - 472ad100-8f1c-456c-b755-def27c993fed - RemoveCart - Find username: test007
2024-11-11 21:01:46 INFO  CartController:66 - 472ad100-8f1c-456c-b755-def27c993fed - RemoveCart - Not found username: test007
2024-11-11 21:01:46 INFO  LoggingInterceptor:32 - 472ad100-8f1c-456c-b755-def27c993fed - Request completed: URL=http://localhost:8080/api/cart/removeFromCart, STATUS_CODE=404, FUNCTION=public org.springframework.http.ResponseEntity<com.example.demo.model.persistence.Cart> com.example.demo.controllers.CartController.removeFromcart(com.example.demo.model.requests.ModifyCartRequest)
2024-11-11 21:02:48 INFO  LoggingInterceptor:22 -  - Incoming request: URL=http://localhost:8080/api/api/order, HTTP_METHOD=POST, FUNCTION=ResourceHttpRequestHandler ["classpath:/META-INF/resources/", "classpath:/resources/", "classpath:/static/", "classpath:/public/", "/"]
2024-11-11 21:02:48 INFO  LoggingInterceptor:32 - d65d1c73-be8c-4fa9-9883-33831f1e9b60 - Request completed: URL=http://localhost:8080/api/api/order, STATUS_CODE=404, FUNCTION=ResourceHttpRequestHandler ["classpath:/META-INF/resources/", "classpath:/resources/", "classpath:/static/", "classpath:/public/", "/"]
2024-11-11 21:02:48 INFO  LoggingInterceptor:22 -  - Incoming request: URL=http://localhost:8080/error, HTTP_METHOD=POST, FUNCTION=public org.springframework.http.ResponseEntity<java.util.Map<java.lang.String, java.lang.Object>> org.springframework.boot.autoconfigure.web.servlet.error.BasicErrorController.error(javax.servlet.http.HttpServletRequest)
2024-11-11 21:02:48 INFO  LoggingInterceptor:32 - d36428bb-bde2-4140-a950-e6d2689f784c - Request completed: URL=http://localhost:8080/error, STATUS_CODE=404, FUNCTION=public org.springframework.http.ResponseEntity<java.util.Map<java.lang.String, java.lang.Object>> org.springframework.boot.autoconfigure.web.servlet.error.BasicErrorController.error(javax.servlet.http.HttpServletRequest)
2024-11-11 21:03:10 INFO  LoggingInterceptor:22 -  - Incoming request: URL=http://localhost:8080/api/cart/removeFromCart, HTTP_METHOD=POST, FUNCTION=public org.springframework.http.ResponseEntity<com.example.demo.model.persistence.Cart> com.example.demo.controllers.CartController.removeFromcart(com.example.demo.model.requests.ModifyCartRequest)
2024-11-11 21:03:10 INFO  CartController:63 - 94e388df-ca9d-4603-b513-7dc92885e41d - RemoveCart - Find username: test001
2024-11-11 21:03:10 INFO  CartController:69 - 94e388df-ca9d-4603-b513-7dc92885e41d - RemoveCart - Find item id : 1
2024-11-11 21:03:10 INFO  CartController:79 - 94e388df-ca9d-4603-b513-7dc92885e41d - RemoveCart - Save card success for user : test001
2024-11-11 21:03:10 INFO  LoggingInterceptor:32 - 94e388df-ca9d-4603-b513-7dc92885e41d - Request completed: URL=http://localhost:8080/api/cart/removeFromCart, STATUS_CODE=200, FUNCTION=public org.springframework.http.ResponseEntity<com.example.demo.model.persistence.Cart> com.example.demo.controllers.CartController.removeFromcart(com.example.demo.model.requests.ModifyCartRequest)
2024-11-11 21:03:25 INFO  LoggingInterceptor:22 -  - Incoming request: URL=http://localhost:8080/api/order, HTTP_METHOD=POST, FUNCTION=ResourceHttpRequestHandler ["classpath:/META-INF/resources/", "classpath:/resources/", "classpath:/static/", "classpath:/public/", "/"]
2024-11-11 21:03:25 INFO  LoggingInterceptor:32 - 39870997-0fe9-4741-a2ed-fb07b8bf1bcd - Request completed: URL=http://localhost:8080/api/order, STATUS_CODE=404, FUNCTION=ResourceHttpRequestHandler ["classpath:/META-INF/resources/", "classpath:/resources/", "classpath:/static/", "classpath:/public/", "/"]
2024-11-11 21:03:25 INFO  LoggingInterceptor:22 -  - Incoming request: URL=http://localhost:8080/error, HTTP_METHOD=POST, FUNCTION=public org.springframework.http.ResponseEntity<java.util.Map<java.lang.String, java.lang.Object>> org.springframework.boot.autoconfigure.web.servlet.error.BasicErrorController.error(javax.servlet.http.HttpServletRequest)
2024-11-11 21:03:25 INFO  LoggingInterceptor:32 - 071a3ca2-a5b3-44d3-a7f4-4738f5964861 - Request completed: URL=http://localhost:8080/error, STATUS_CODE=404, FUNCTION=public org.springframework.http.ResponseEntity<java.util.Map<java.lang.String, java.lang.Object>> org.springframework.boot.autoconfigure.web.servlet.error.BasicErrorController.error(javax.servlet.http.HttpServletRequest)
2024-11-11 21:03:48 INFO  LoggingInterceptor:22 -  - Incoming request: URL=http://localhost:8080/api/order/submit/test001, HTTP_METHOD=POST, FUNCTION=public org.springframework.http.ResponseEntity<com.example.demo.model.persistence.UserOrder> com.example.demo.controllers.OrderController.submit(java.lang.String)
2024-11-11 21:03:48 INFO  OrderController:36 - 084e3bcf-7a72-47dd-8353-62c489dda0ef - AddOrder - Find username: test001
2024-11-11 21:03:48 INFO  OrderController:44 - 084e3bcf-7a72-47dd-8353-62c489dda0ef - AddOrder - Add order success with user : test001
2024-11-11 21:03:48 INFO  LoggingInterceptor:32 - 084e3bcf-7a72-47dd-8353-62c489dda0ef - Request completed: URL=http://localhost:8080/api/order/submit/test001, STATUS_CODE=200, FUNCTION=public org.springframework.http.ResponseEntity<com.example.demo.model.persistence.UserOrder> com.example.demo.controllers.OrderController.submit(java.lang.String)
2024-11-11 21:03:56 INFO  LoggingInterceptor:22 -  - Incoming request: URL=http://localhost:8080/api/order/submit/test001, HTTP_METHOD=POST, FUNCTION=public org.springframework.http.ResponseEntity<com.example.demo.model.persistence.UserOrder> com.example.demo.controllers.OrderController.submit(java.lang.String)
2024-11-11 21:03:56 INFO  OrderController:36 - e8754a70-0e6d-4a75-a91a-3ae2092f5b2b - AddOrder - Find username: test001
2024-11-11 21:03:56 INFO  OrderController:44 - e8754a70-0e6d-4a75-a91a-3ae2092f5b2b - AddOrder - Add order success with user : test001
2024-11-11 21:03:56 INFO  LoggingInterceptor:32 - e8754a70-0e6d-4a75-a91a-3ae2092f5b2b - Request completed: URL=http://localhost:8080/api/order/submit/test001, STATUS_CODE=200, FUNCTION=public org.springframework.http.ResponseEntity<com.example.demo.model.persistence.UserOrder> com.example.demo.controllers.OrderController.submit(java.lang.String)
2024-11-11 21:04:08 WARN  DefaultHandlerExceptionResolver:198 -  - Resolved [org.springframework.web.HttpRequestMethodNotSupportedException: Request method 'POST' not supported]
2024-11-11 21:04:08 INFO  LoggingInterceptor:22 -  - Incoming request: URL=http://localhost:8080/error, HTTP_METHOD=POST, FUNCTION=public org.springframework.http.ResponseEntity<java.util.Map<java.lang.String, java.lang.Object>> org.springframework.boot.autoconfigure.web.servlet.error.BasicErrorController.error(javax.servlet.http.HttpServletRequest)
2024-11-11 21:04:08 INFO  LoggingInterceptor:32 - 5319e736-a697-4af1-bde6-f7a68dec45fd - Request completed: URL=http://localhost:8080/error, STATUS_CODE=405, FUNCTION=public org.springframework.http.ResponseEntity<java.util.Map<java.lang.String, java.lang.Object>> org.springframework.boot.autoconfigure.web.servlet.error.BasicErrorController.error(javax.servlet.http.HttpServletRequest)
2024-11-11 21:04:13 INFO  LoggingInterceptor:22 -  - Incoming request: URL=http://localhost:8080/api/order/history/test001, HTTP_METHOD=GET, FUNCTION=public org.springframework.http.ResponseEntity<java.util.List<com.example.demo.model.persistence.UserOrder>> com.example.demo.controllers.OrderController.getOrdersForUser(java.lang.String)
2024-11-11 21:04:13 INFO  OrderController:50 - 70dc4286-aa75-4b2f-bfee-1ad9844b884d - GetOrder - Find username: test001
2024-11-11 21:04:13 INFO  OrderController:56 - 70dc4286-aa75-4b2f-bfee-1ad9844b884d - GetOrder - Get Order success with user : test001
2024-11-11 21:04:13 INFO  LoggingInterceptor:32 - 70dc4286-aa75-4b2f-bfee-1ad9844b884d - Request completed: URL=http://localhost:8080/api/order/history/test001, STATUS_CODE=200, FUNCTION=public org.springframework.http.ResponseEntity<java.util.List<com.example.demo.model.persistence.UserOrder>> com.example.demo.controllers.OrderController.getOrdersForUser(java.lang.String)
